warn: Nivel de importancia WARN
error: Validation Error: missing values
error: Validation Error: missing values
error: undefined {"_message":"products validation failed","errors":{"status":{"kind":"Boolean","message":"Cast to Boolean failed for value \"Disponible\" (type string) at path \"status\" because of \"CastError\"","name":"CastError","path":"status","reason":{"kind":"boolean","message":"Cast to boolean failed for value \"Disponible\" (type string) at path \"undefined\"","name":"CastError","stringValue":"\"Disponible\"","value":"Disponible","valueType":"string"},"stringValue":"\"Disponible\"","value":"Disponible","valueType":"string"}}}
error: undefined {"kind":"ObjectId","path":"_id","reason":{},"stringValue":"\"3hf4h3284fh932rjew\"","value":"3hf4h3284fh932rjew","valueType":"string"}
error: undefined {"kind":"ObjectId","path":"_id","reason":{},"stringValue":"\"3hf4h3284fh932rjew\"","value":"3hf4h3284fh932rjew","valueType":"string"}
error: undefined {"kind":"ObjectId","path":"_id","reason":{},"stringValue":"\"3hf4h3284fh932rjew\"","value":"3hf4h3284fh932rjew","valueType":"string"}
error: undefined {"kind":"ObjectId","path":"_id","reason":{},"stringValue":"\"3hf4h3284fh932rjew\"","value":"3hf4h3284fh932rjew","valueType":"string"}
error: undefined
error: undefined
error: undefined
error: undefined
error: undefined
error: undefined
error: undefined
error: undefined
error: undefined
error: undefined
error: undefined
error: undefined {"code":"ECONNREFUSED","hostname":"_mongodb._tcp.franocluster.hx1jh7a.mongodb.net","syscall":"querySrv"}
error: undefined {"code":"ETIMEOUT","hostname":"franocluster.hx1jh7a.mongodb.net","syscall":"queryTxt"}
error: undefined
error: undefined
error: undefined
error: undefined
error: undefined
error: undefined
error: undefined
error: undefined
error: undefined
error: undefined
